============================================================
Exp 1: PSD of Gamma(t)
============================================================
  N=3, Qs_range=[0.0100, 1.0000]
    alpha_broad=1.563+/-0.011, alpha_DH=1.644+/-0.013, rho(xi0,xi1)=1.0000
  N=5, Qs_range=[0.0100, 1.0000]
    alpha_broad=1.201+/-0.016, alpha_DH=1.029+/-0.018, rho(xi0,xi1)=1.0000
  N=10, Qs_range=[0.0100, 1.0000]
    alpha_broad=0.323+/-0.022, alpha_DH=-0.610+/-0.026, rho(xi0,xi1)=1.0000
  N=20, Qs_range=[0.0100, 1.0000]
    alpha_broad=-0.879+/-0.020, alpha_DH=-1.615+/-0.030, rho(xi0,xi1)=1.0000
  NHC M=5, Q_ref=1.0
    alpha=12.338, rho(xi0,xi1)=0.0201
  Single NH, Q=0.1
    alpha=7.268

============================================================
Exp 2: Individual xi_i PSDs (N=5)
============================================================
  xi_0: Q=0.0100, f_peak=3.44, f_theory=3.56
  xi_1: Q=0.0316, f_peak=1.15, f_theory=2.00
  xi_2: Q=0.1000, f_peak=1.15, f_theory=1.13
  xi_3: Q=0.3162, f_peak=0.73, f_theory=0.63
  xi_4: Q=1.0000, f_peak=0.44, f_theory=0.36
  xi pairwise correlation matrix:
[[1. 1. 1. 1. 1.]
 [1. 1. 1. 1. 1.]
 [1. 1. 1. 1. 1.]
 [1. 1. 1. 1. 1.]
 [1. 1. 1. 1. 1.]]

============================================================
Exp 3: Cross-correlation xi_i vs q_d^2
============================================================
  Pearson correlation (xi_i vs q_d^2):
    xi_0 (Q=0.0100): [-0.0100, -0.0074, 0.0029, 0.0023, -0.0053]
    xi_1 (Q=0.0316): [-0.0100, -0.0074, 0.0029, 0.0023, -0.0053]
    xi_2 (Q=0.1000): [-0.0100, -0.0074, 0.0029, 0.0023, -0.0053]
    xi_3 (Q=0.3162): [-0.0100, -0.0074, 0.0029, 0.0023, -0.0053]
    xi_4 (Q=1.0000): [-0.0100, -0.0074, 0.0029, 0.0023, -0.0053]
  xi-xi Pearson matrix (off-diagonal should be ~1 if locked):
    [1.0000, 1.0000, 1.0000, 1.0000, 1.0000]
    [1.0000, 1.0000, 1.0000, 1.0000, 1.0000]
    [1.0000, 1.0000, 1.0000, 1.0000, 1.0000]
    [1.0000, 1.0000, 1.0000, 1.0000, 1.0000]
    [1.0000, 1.0000, 1.0000, 1.0000, 1.0000]

============================================================
Exp 4: Energy equilibration from non-equilibrium start
============================================================
  Multi-scale N=5, Qs_range=[0.0100, 1.0000]
  NHC M=3, Q=1.0
  Single NH, Q=0.1
    multiscale: total KE equil time ~ 0.1, final <K_d>/(kT/2) = [0.69952461 0.91327872 1.20685742 1.4811519  0.6867268 ]
    nhc: total KE equil time ~ 0.3, final <K_d>/(kT/2) = [1.26828782 0.33007857 0.58970273 0.54338906 2.27388269]
    nh: total KE equil time ~ 0.0, final <K_d>/(kT/2) = [0.83387491 0.78830953 1.97517214 1.294204   0.12162436]

============================================================
Making figures...
============================================================
  Saved fig1_gamma_psd.png
  Saved fig2_individual_xi_psd.png
  Saved fig3_cross_correlation.png
  Saved fig4_energy_equilibration.png
  Saved fig5_psd_comparison.png

Total elapsed: 289.3s
Saved results.json

HEADLINE: PSD slope N=5: alpha_DH=1.029, alpha_broad=1.201 (target ~1.0)
          xi correlation rho(xi0,xi1) = 1.0000
          Cross-corr rows uniform: True
