============================================================
E1: Learn Q on anisotropic Gaussian
============================================================

--- dim=2 ---
  kappas = [1.0, 100.0]
  Q_theory (D*kT/<kappa>) = 0.0396
    epoch   0: Q=1.10517, loss=0.5148
    epoch  15: Q=0.62629, loss=0.6001
    epoch  30: Q=0.40815, loss=0.6200
    epoch  45: Q=0.40224, loss=0.4987
    epoch  59: Q=0.40367, loss=0.5163

--- dim=5 ---
  kappas = [1.0, 3.16, 10.0, 31.62, 100.0]
  Q_theory (D*kT/<kappa>) = 0.1715
    epoch   0: Q=1.10517, loss=0.6688
    epoch  15: Q=1.81576, loss=0.5665
    epoch  30: Q=1.45840, loss=0.6869
    epoch  45: Q=1.37816, loss=0.6727
    epoch  59: Q=1.37703, loss=0.5996

--- dim=10 ---
  kappas = [1.0, 1.67, 2.78, 4.64, 7.74, 12.92, 21.54, 35.94, 59.95, 100.0]
  Q_theory (D*kT/<kappa>) = 0.4029
    epoch   0: Q=0.90484, loss=0.6414
    epoch  15: Q=0.48937, loss=0.8071
    epoch  30: Q=0.64852, loss=0.5929
    epoch  45: Q=0.73703, loss=0.6491
    epoch  59: Q=0.73621, loss=0.5733

============================================================
E2: Learn Q on DoubleWell
============================================================
  true <x^2> = 0.8521
  epoch   0: Q=1.10517, loss=0.5004
  epoch  15: Q=0.91731, loss=0.5000
  epoch  30: Q=0.98248, loss=0.4997
  epoch  45: Q=0.93532, loss=0.4999
  epoch  59: Q=0.93037, loss=0.5001
  Q_harmonic (local U''(1)=16) = 0.0625
  Q_learned = 0.9304

============================================================
E3: Learn g(xi) as neural network
============================================================
  epoch   0: Q=0.09512, loss=0.6010
  epoch  20: Q=0.09410, loss=0.6072
  epoch  40: Q=0.07295, loss=0.5187
  epoch  60: Q=0.06578, loss=0.6295
  epoch  79: Q=0.06550, loss=0.5764

============================================================
E4: Summary comparison
============================================================

--- dim=2 ---
  Q_default (Q=1.0000): ESS = 4.7 +/- 0.0
  Q_theory (Q=0.0396): ESS = 4.8 +/- 0.5
  Q_learned (Q=0.4037): ESS = 4.7 +/- 0.1

--- dim=5 ---
  Q_default (Q=1.0000): ESS = 2.9 +/- 0.4
  Q_theory (Q=0.1715): ESS = 2.7 +/- 0.2
  Q_learned (Q=1.3770): ESS = 2.7 +/- 0.1

--- dim=10 ---
  Q_default (Q=1.0000): ESS = 2.3 +/- 0.1
  Q_theory (Q=0.4029): ESS = 2.3 +/- 0.1
  Q_learned (Q=0.7362): ESS = 2.3 +/- 0.0

Total wall time: 279.8s
Saved results.json
