============================================================
PART 1: Q optimization
============================================================

[kr10_N3] kappas=[ 1.          1.77827941  3.16227766  5.62341325 10.        ]
  best_tau=347.73  Qs=[0.6632271368510384, 2.1162107213347654, 8.065746860416018]
  logu tau=585.23  Qs=[0.316227766016838, 0.5623413251903491, 1.0]
  elapsed 504.8s

[kr10_N5] kappas=[ 1.          1.77827941  3.16227766  5.62341325 10.        ]
  best_tau=750.05  Qs=[0.4161661785268932, 1.312644046848994, 1.5030663166078324, 4.090287280372566, 4.875543155172162]
  logu tau=1572.91  Qs=[0.316227766016838, 0.4216965034285823, 0.5623413251903491, 0.7498942093324559, 1.0]
  elapsed 549.1s

[kr100_N3] kappas=[  1.           3.16227766  10.          31.6227766  100.        ]
  best_tau=2395.97  Qs=[0.3397967263364954, 2.22068645023295, 2.8066495408439742]
  logu tau=756.93  Qs=[0.10000000000000002, 0.316227766016838, 1.0]
  elapsed 575.9s

[kr100_N5] kappas=[  1.           3.16227766  10.          31.6227766  100.        ]
  best_tau=3399.92  Qs=[1.2284154803360665, 1.4763682653066226, 1.5616945917198686, 7.056388971989069, 7.558397160478719]
  logu tau=1134.72  Qs=[0.10000000000000002, 0.1778279410038923, 0.316227766016838, 0.5623413251903492, 1.0]
  elapsed 582.3s
============================================================
PART 2: Head-to-head vs NHC
============================================================
  kr=10.0 N=3: par=192.8+-135.9  nhc=208.5+-41.7
  kr=10.0 N=5: par=1030.1+-577.6  nhc=203.7+-45.6
  kr=100.0 N=3: par=745.7+-175.6  nhc=1305.3+-753.4
  kr=100.0 N=5: par=527.3+-126.8  nhc=1539.1+-825.2
  GMM N=3: par=19.4+-14.4  nhc=13.0+-4.2
  GMM N=5: par=37.7+-15.4  nhc=9.0+-2.2

HEADLINE: NHC_best/ours_best at kr=100 = 2.476
Saved /Users/wujiewang/code/det-sampler/.worktrees/q-optimization-035/orbits/q-optimization-035/results.json  total 3379.3s
